0 info it worked if it ends with ok
1 verbose cli [ 'C:\\Program Files\\nodejs\\node.exe',
1 verbose cli   'C:\\Users\\Kamran\\AppData\\Roaming\\npm\\node_modules\\npm\\bin\\npm-cli.js',
1 verbose cli   'run',
1 verbose cli   'build' ]
2 info using npm@3.10.9
3 info using node@v6.9.1
4 verbose run-script [ 'prebuild', 'build', 'postbuild' ]
5 info lifecycle nodetest2b@0.0.0~prebuild: nodetest2b@0.0.0
6 silly lifecycle nodetest2b@0.0.0~prebuild: no script for prebuild, continuing
7 info lifecycle nodetest2b@0.0.0~build: nodetest2b@0.0.0
8 verbose lifecycle nodetest2b@0.0.0~build: unsafe-perm in lifecycle true
9 verbose lifecycle nodetest2b@0.0.0~build: PATH: C:\Users\Kamran\AppData\Roaming\npm\node_modules\npm\bin\node-gyp-bin;E:\development\Courses\Packt\TypeScript\Volume3\S2_V2_Project\node_modules\.bin;C:\Program Files\ConEmu\ConEmu\Scripts;C:\Program Files\ConEmu;C:\Program Files\ConEmu\ConEmu;C:\Program Files\Docker\Docker\Resources\bin;C:\Python27\;C:\Python27\Scripts;c:\bin;C:\Program Files (x86)\Intel\iCLS Client\;C:\Program Files\Intel\iCLS Client\;C:\Program Files (x86)\NVIDIA Corporation\PhysX\Common;C:\WINDOWS\system32;C:\WINDOWS;C:\WINDOWS\System32\Wbem;C:\WINDOWS\System32\WindowsPowerShell\v1.0\;C:\Program Files (x86)\ATI Technologies\ATI.ACE\Core-Static;C:\Program Files (x86)\QuickTime\QTSystem\;C:\Program Files (x86)\AMD\ATI.ACE\Core-Static;C:\Program Files (x86)\Intel\Intel(R) Management Engine Components\DAL;C:\Program Files\Intel\Intel(R) Management Engine Components\DAL;C:\Program Files (x86)\Intel\Intel(R) Management Engine Components\IPT;C:\Program Files\Intel\Intel(R) Management Engine Components\IPT;C:\Program Files\Microsoft\Web Platform Installer\;C:\Program Files\Microsoft SQL Server\120\Tools\Binn\;C:\Program Files\Microsoft SQL Server\130\Tools\Binn\;C:\Program Files\Git\cmd;C:\Program Files\dotnet\;C:\Program Files (x86)\Skype\Phone\;C:\Program Files\OpenVPN\bin;C:\Program Files\nodejs\;C:\Program Files (x86)\Windows Kits\10\Windows Performance Toolkit\;C:\Program Files (x86)\Microsoft Emulator Manager\1.0\;C:\Users\Kamran\.dnx\bin;C:\Ruby22\bin;C:\Program Files (x86)\Microsoft VS Code\bin;C:\Users\Kamran\AppData\Local\Microsoft\WindowsApps;C:\Program Files\Docker Toolbox;C:\Users\Kamran\AppData\Roaming\npm
10 verbose lifecycle nodetest2b@0.0.0~build: CWD: E:\development\Courses\Packt\TypeScript\Volume3\S2_V2_Project
11 silly lifecycle nodetest2b@0.0.0~build: Args: [ '/d /s /c', 'tsc -p .' ]
12 silly lifecycle nodetest2b@0.0.0~build: Returned: code: 1  signal: null
13 info lifecycle nodetest2b@0.0.0~build: Failed to exec build script
14 verbose stack Error: nodetest2b@0.0.0 build: `tsc -p .`
14 verbose stack Exit status 1
14 verbose stack     at EventEmitter.<anonymous> (C:\Users\Kamran\AppData\Roaming\npm\node_modules\npm\lib\utils\lifecycle.js:255:16)
14 verbose stack     at emitTwo (events.js:106:13)
14 verbose stack     at EventEmitter.emit (events.js:191:7)
14 verbose stack     at ChildProcess.<anonymous> (C:\Users\Kamran\AppData\Roaming\npm\node_modules\npm\lib\utils\spawn.js:40:14)
14 verbose stack     at emitTwo (events.js:106:13)
14 verbose stack     at ChildProcess.emit (events.js:191:7)
14 verbose stack     at maybeClose (internal/child_process.js:877:16)
14 verbose stack     at Process.ChildProcess._handle.onexit (internal/child_process.js:226:5)
15 verbose pkgid nodetest2b@0.0.0
16 verbose cwd E:\development\Courses\Packt\TypeScript\Volume3\S2_V2_Project
17 error Windows_NT 10.0.14393
18 error argv "C:\\Program Files\\nodejs\\node.exe" "C:\\Users\\Kamran\\AppData\\Roaming\\npm\\node_modules\\npm\\bin\\npm-cli.js" "run" "build"
19 error node v6.9.1
20 error npm  v3.10.9
21 error code ELIFECYCLE
22 error nodetest2b@0.0.0 build: `tsc -p .`
22 error Exit status 1
23 error Failed at the nodetest2b@0.0.0 build script 'tsc -p .'.
23 error Make sure you have the latest version of node.js and npm installed.
23 error If you do, this is most likely a problem with the nodetest2b package,
23 error not with npm itself.
23 error Tell the author that this fails on your system:
23 error     tsc -p .
23 error You can get information on how to open an issue for this project with:
23 error     npm bugs nodetest2b
23 error Or if that isn't available, you can get their info via:
23 error     npm owner ls nodetest2b
23 error There is likely additional logging output above.
24 verbose exit [ 1, true ]
